<?xml version="1.0" encoding="UTF-8"?>
<!-- Generated by org.testng.reporters.JUnitReportReporter -->
<testsuite hostname="ITDEPT178N" failures="0" tests="1" name="gr.geekit.AppiumTest.SwipeDemo" time="9.685" errors="0" timestamp="2025-08-04T16:45:40 EEST" skipped="0">
  <testcase classname="gr.geekit.AppiumTest.SwipeDemo" name="LongPressGesture" time="9.685"/>
</testsuite> <!-- gr.geekit.AppiumTest.SwipeDemo -->
