<?xml version="1.0" encoding="UTF-8"?>
<!-- Generated by org.testng.reporters.JUnitReportReporter -->
<testsuite hostname="ITDEPT178N" failures="0" tests="1" name="gr.geekit.AppiumTest.MisceallanousAppiumActions" time="24.056" errors="0" timestamp="2025-08-05T11:07:10 EEST" skipped="0">
  <testcase classname="gr.geekit.AppiumTest.MisceallanousAppiumActions" name="wifiSettingsName" time="24.056"/>
</testsuite> <!-- gr.geekit.AppiumTest.MisceallanousAppiumActions -->
