<?xml version="1.0" encoding="UTF-8"?>
<!-- Generated by org.testng.reporters.JUnitReportReporter -->
<testsuite hostname="ITDEPT178N" failures="0" tests="1" name="gr.geekit.AppiumTest.BrowserTest" time="20.412" errors="0" timestamp="2025-08-06T12:35:32 EEST" skipped="0">
  <testcase classname="gr.geekit.AppiumTest.BrowserTest" name="browserTest" time="20.412"/>
</testsuite> <!-- gr.geekit.AppiumTest.BrowserTest -->
