<?xml version="1.0" encoding="UTF-8"?>
<!-- Generated by org.testng.reporters.JUnitReportReporter -->
<testsuite hostname="ITDEPT178N" failures="0" tests="1" name="gr.geekit.AppiumTest.DragDropDemo" time="10.886" errors="0" timestamp="2025-08-05T10:20:10 EEST" skipped="0">
  <testcase classname="gr.geekit.AppiumTest.DragDropDemo" name="LongPressGesture" time="10.886"/>
</testsuite> <!-- gr.geekit.AppiumTest.DragDropDemo -->
