<?xml version="1.0" encoding="UTF-8"?>
<!-- Generated by org.testng.reporters.JUnitReportReporter -->
<testsuite hostname="ITDEPT178N" failures="0" tests="1" name="gr.geekit.AppiumTest.ScrollTest" time="20.825" errors="0" timestamp="2025-08-04T15:48:31 EEST" skipped="0">
  <testcase classname="gr.geekit.AppiumTest.ScrollTest" name="LongPressGesture" time="20.825"/>
</testsuite> <!-- gr.geekit.AppiumTest.ScrollTest -->
