<?xml version="1.0" encoding="UTF-8"?>
<!-- Generated by org.testng.reporters.JUnitReportReporter -->
<testsuite hostname="ITDEPT178N" failures="0" tests="1" name="gr.geekit.AppiumTest.eCommerce_tc_4" time="23.137" errors="0" timestamp="2025-08-05T15:00:39 EEST" skipped="0">
  <testcase classname="gr.geekit.AppiumTest.eCommerce_tc_4" name="FillForm" time="23.137"/>
</testsuite> <!-- gr.geekit.AppiumTest.eCommerce_tc_4 -->
