<?xml version="1.0" encoding="UTF-8"?>
<!-- Generated by org.testng.reporters.JUnitReportReporter -->
<testsuite hostname="ITDEPT178N" failures="0" tests="1" name="gr.geekit.AppiumTest.JumpToActivitiesDemo" time="20.877" errors="0" timestamp="2025-08-05T11:36:21 EEST" skipped="0">
  <testcase classname="gr.geekit.AppiumTest.JumpToActivitiesDemo" name="Miscellanous" time="20.877"/>
</testsuite> <!-- gr.geekit.AppiumTest.JumpToActivitiesDemo -->
