<?xml version="1.0" encoding="UTF-8"?>
<!-- Generated by org.testng.reporters.JUnitReportReporter -->
<testsuite hostname="ITDEPT178N" failures="0" tests="1" name="gr.geekit.AppiumTest.eCommerce_tc_3" time="25.315" errors="0" timestamp="2025-08-05T14:00:54 EEST" skipped="0">
  <testcase classname="gr.geekit.AppiumTest.eCommerce_tc_3" name="FillForm" time="25.315"/>
</testsuite> <!-- gr.geekit.AppiumTest.eCommerce_tc_3 -->
