<?xml version="1.0" encoding="UTF-8"?>
<!-- Generated by org.testng.reporters.JUnitReportReporter -->
<testsuite hostname="ITDEPT178N" failures="0" tests="1" name="gr.geekit.AppiumTest.eCommerce_tc_5" time="27.451" errors="0" timestamp="2025-08-05T16:05:56 EEST" skipped="0">
  <testcase classname="gr.geekit.AppiumTest.eCommerce_tc_5" name="FillForm" time="27.451"/>
</testsuite> <!-- gr.geekit.AppiumTest.eCommerce_tc_5 -->
