<?xml version="1.0" encoding="UTF-8"?>
<!-- Generated by org.testng.reporters.JUnitReportReporter -->
<testsuite hostname="ITDEPT178N" failures="0" tests="1" name="gr.geekit.AppiumTest.eCommerce_tc_1" time="17.474" errors="0" timestamp="2025-08-05T12:45:29 EEST" skipped="0">
  <testcase classname="gr.geekit.AppiumTest.eCommerce_tc_1" name="FillForm" time="17.474"/>
</testsuite> <!-- gr.geekit.AppiumTest.eCommerce_tc_1 -->
