<?xml version="1.0" encoding="UTF-8"?>
<!-- Generated by org.testng.reporters.JUnitReportReporter -->
<testsuite hostname="ITDEPT178N" failures="0" tests="1" name="gr.geekit.AppiumTest.eCommerce_tc_2" time="18.664" errors="0" timestamp="2025-08-05T13:09:13 EEST" skipped="0">
  <testcase classname="gr.geekit.AppiumTest.eCommerce_tc_2" name="FillForm" time="18.664"/>
</testsuite> <!-- gr.geekit.AppiumTest.eCommerce_tc_2 -->
