<?xml version="1.0" encoding="UTF-8"?>
<!-- Generated by org.testng.reporters.JUnitReportReporter -->
<testsuite hostname="ITDEPT178N" failures="0" tests="1" name="gr.geekit.AppiumTest.eCommerce_tc_6" time="34.224" errors="0" timestamp="2025-08-06T11:23:05 EEST" skipped="0">
  <testcase classname="gr.geekit.AppiumTest.eCommerce_tc_6" name="FillForm" time="34.224"/>
</testsuite> <!-- gr.geekit.AppiumTest.eCommerce_tc_6 -->
