<?xml version="1.0" encoding="UTF-8"?>
<!-- Generated by org.testng.reporters.JUnitReportReporter -->
<testsuite hostname="ITDEPT178N" failures="0" tests="1" name="gr.geekit.AppiumTest.BrowserTest2" time="7.260" errors="0" timestamp="2025-08-06T13:08:25 EEST" skipped="0">
  <testcase classname="gr.geekit.AppiumTest.BrowserTest2" name="browserTest" time="7.260"/>
</testsuite> <!-- gr.geekit.AppiumTest.BrowserTest2 -->
